Using pre-set license
Built from '2020.3/staging' branch; Version is '2020.3.11f1 (99c7afb366b3) revision 10078127'; Using compiler version '192528614'; Build Type 'Release'
OS: 'Windows 10 Home Single Language; OS build 19041.985; Version 2004; 64bit' Language: 'es' Physical Memory: 7999 MB
BatchMode: 1, IsHumanControllingUs: 0, StartBugReporterOnCrash: 0, Is64bit: 1, IsPro: 0

 COMMAND LINE ARGUMENTS:
C:\Program Files\Unity\Hub\Editor\2020.3.11f1\Editor\Unity.exe
-adb2
-batchMode
-noUpm
-name
AssetImportWorker0
-projectPath
C:/Users/ruben/Documents/WildParty
-logFile
Logs/AssetImportWorker0.log
-srvPort
57590
Successfully changed project path to: C:/Users/ruben/Documents/WildParty
C:/Users/ruben/Documents/WildParty
Using Asset Import Pipeline V2.
Refreshing native plugins compatible for Editor in 32.47 ms, found 2 plugins.
Preloading 0 native plugins for Editor in 0.00 ms.
Initialize engine version: 2020.3.11f1 (99c7afb366b3)
[Subsystems] Discovering subsystems at path C:/Program Files/Unity/Hub/Editor/2020.3.11f1/Editor/Data/Resources/UnitySubsystems
[Subsystems] Discovering subsystems at path C:/Users/ruben/Documents/WildParty/Assets
GfxDevice: creating device client; threaded=0
Direct3D:
    Version:  Direct3D 11.0 [level 11.1]
    Renderer: NVIDIA GeForce GTX 1050 (ID=0x1c8d)
    Vendor:   
    VRAM:     4019 MB
    Driver:   27.21.14.5671
Initialize mono
Mono path[0] = 'C:/Program Files/Unity/Hub/Editor/2020.3.11f1/Editor/Data/Managed'
Mono path[1] = 'C:/Program Files/Unity/Hub/Editor/2020.3.11f1/Editor/Data/MonoBleedingEdge/lib/mono/unityjit'
Mono config path = 'C:/Program Files/Unity/Hub/Editor/2020.3.11f1/Editor/Data/MonoBleedingEdge/etc'
Using monoOptions --debugger-agent=transport=dt_socket,embedding=1,server=y,suspend=n,address=127.0.0.1:56936
Begin MonoManager ReloadAssembly
Registering precompiled unity dll's ...
Register platform support module: C:/Program Files/Unity/Hub/Editor/2020.3.11f1/Editor/Data/PlaybackEngines/WindowsStandaloneSupport/UnityEditor.WindowsStandalone.Extensions.dll
Registered in 0.001895 seconds.
Native extension for WindowsStandalone target not found
Refreshing native plugins compatible for Editor in 28.66 ms, found 2 plugins.
Preloading 0 native plugins for Editor in 0.00 ms.
Mono: successfully reloaded assembly
- Completed reload, in  1.002 seconds
Platform modules already initialized, skipping
Registering precompiled user dll's ...
Registered in 0.005588 seconds.
Begin MonoManager ReloadAssembly
Native extension for WindowsStandalone target not found
Refreshing native plugins compatible for Editor in 0.35 ms, found 2 plugins.
Preloading 0 native plugins for Editor in 0.00 ms.
Mono: successfully reloaded assembly
- Completed reload, in  0.989 seconds
Platform modules already initialized, skipping
========================================================================
Worker process is ready to serve import requests
Launched and connected shader compiler UnityShaderCompiler.exe after 0.06 seconds
Refreshing native plugins compatible for Editor in 0.38 ms, found 2 plugins.
Preloading 0 native plugins for Editor in 0.00 ms.
Unloading 1628 Unused Serialized files (Serialized files now loaded: 0)
System memory in use before: 75.1 MB.
System memory in use after: 75.2 MB.

Unloading 25 unused Assets to reduce memory usage. Loaded Objects now: 2057.
Total: 2.959900 ms (FindLiveObjects: 0.376800 ms CreateObjectMapping: 0.099800 ms MarkObjects: 2.365900 ms  DeleteObjects: 0.116300 ms)

========================================================================
Received Import Request.
  path: Assets/Photon/PhotonUnityNetworking/Demos/PhotonUnityNetworking.Demos.asmdef
  artifactKey: Guid(35cc2632df2760540bcc67312740008b) Importer(815301076,1909f56bfc062723c751e8b465ee728b)
Start importing Assets/Photon/PhotonUnityNetworking/Demos/PhotonUnityNetworking.Demos.asmdef using Guid(35cc2632df2760540bcc67312740008b) Importer(815301076,1909f56bfc062723c751e8b465ee728b)  -> (artifact id: 'c39c90c9a45edae63be0e1cccf032d39') in 0.041513 seconds
  Import took 0.045605 seconds .

========================================================================
Received Prepare
Registering precompiled user dll's ...
Registered in 0.005736 seconds.
Begin MonoManager ReloadAssembly
Native extension for WindowsStandalone target not found
Refreshing native plugins compatible for Editor in 0.35 ms, found 2 plugins.
Preloading 0 native plugins for Editor in 0.00 ms.
Mono: successfully reloaded assembly
- Completed reload, in  0.946 seconds
Platform modules already initialized, skipping
Refreshing native plugins compatible for Editor in 0.33 ms, found 2 plugins.
Preloading 0 native plugins for Editor in 0.00 ms.
Unloading 1502 Unused Serialized files (Serialized files now loaded: 0)
System memory in use before: 71.5 MB.
System memory in use after: 71.6 MB.

Unloading 122 unused Assets to reduce memory usage. Loaded Objects now: 1958.
Total: 1.909700 ms (FindLiveObjects: 0.133200 ms CreateObjectMapping: 0.043500 ms MarkObjects: 1.661700 ms  DeleteObjects: 0.070300 ms)

========================================================================
Received Prepare
Registering precompiled user dll's ...
Registered in 0.008318 seconds.
Begin MonoManager ReloadAssembly
Native extension for WindowsStandalone target not found
Refreshing native plugins compatible for Editor in 0.41 ms, found 2 plugins.
Preloading 0 native plugins for Editor in 0.00 ms.
Mono: successfully reloaded assembly
- Completed reload, in  1.117 seconds
Platform modules already initialized, skipping
Refreshing native plugins compatible for Editor in 0.33 ms, found 2 plugins.
Preloading 0 native plugins for Editor in 0.00 ms.
Unloading 1501 Unused Serialized files (Serialized files now loaded: 0)
System memory in use before: 71.1 MB.
System memory in use after: 71.2 MB.

Unloading 20 unused Assets to reduce memory usage. Loaded Objects now: 1961.
Total: 1.799700 ms (FindLiveObjects: 0.135700 ms CreateObjectMapping: 0.042300 ms MarkObjects: 1.568900 ms  DeleteObjects: 0.051700 ms)

========================================================================
Received Prepare
Registering precompiled user dll's ...
Registered in 0.005534 seconds.
Begin MonoManager ReloadAssembly
Native extension for WindowsStandalone target not found
Refreshing native plugins compatible for Editor in 0.33 ms, found 2 plugins.
Preloading 0 native plugins for Editor in 0.00 ms.
Mono: successfully reloaded assembly
- Completed reload, in  1.251 seconds
Platform modules already initialized, skipping
Refreshing native plugins compatible for Editor in 0.46 ms, found 2 plugins.
Preloading 0 native plugins for Editor in 0.00 ms.
Unloading 1490 Unused Serialized files (Serialized files now loaded: 0)
System memory in use before: 70.9 MB.
System memory in use after: 71.0 MB.

Unloading 30 unused Assets to reduce memory usage. Loaded Objects now: 1954.
Total: 3.630500 ms (FindLiveObjects: 0.708000 ms CreateObjectMapping: 0.178200 ms MarkObjects: 2.662700 ms  DeleteObjects: 0.059800 ms)

========================================================================
Received Prepare
Registering precompiled user dll's ...
Registered in 0.012495 seconds.
Begin MonoManager ReloadAssembly
Native extension for WindowsStandalone target not found
Refreshing native plugins compatible for Editor in 0.36 ms, found 2 plugins.
Preloading 0 native plugins for Editor in 0.00 ms.
Mono: successfully reloaded assembly
- Completed reload, in  1.092 seconds
Platform modules already initialized, skipping
Refreshing native plugins compatible for Editor in 0.34 ms, found 2 plugins.
Preloading 0 native plugins for Editor in 0.00 ms.
Unloading 1491 Unused Serialized files (Serialized files now loaded: 0)
System memory in use before: 70.9 MB.
System memory in use after: 71.0 MB.

Unloading 19 unused Assets to reduce memory usage. Loaded Objects now: 1959.
Total: 3.538400 ms (FindLiveObjects: 0.218300 ms CreateObjectMapping: 0.064200 ms MarkObjects: 3.170800 ms  DeleteObjects: 0.083500 ms)

========================================================================
Received Import Request.
  Time since last request: 4593.718649 seconds.
  path: Assets/Photon/PhotonUnityNetworking/Resources/PhotonPrefabs/PlayerManager.prefab
  artifactKey: Guid(4c5b327afdb57c445adc03170e3df402) Importer(815301076,1909f56bfc062723c751e8b465ee728b)
Start importing Assets/Photon/PhotonUnityNetworking/Resources/PhotonPrefabs/PlayerManager.prefab using Guid(4c5b327afdb57c445adc03170e3df402) Importer(815301076,1909f56bfc062723c751e8b465ee728b)  -> (artifact id: 'ae16f4a54aa2a9fd70967d69a428000b') in 0.063547 seconds
  Import took 0.066855 seconds .

========================================================================
Received Prepare
Registering precompiled user dll's ...
Registered in 0.005871 seconds.
Begin MonoManager ReloadAssembly
Native extension for WindowsStandalone target not found
Refreshing native plugins compatible for Editor in 0.51 ms, found 2 plugins.
Preloading 0 native plugins for Editor in 0.00 ms.
Mono: successfully reloaded assembly
- Completed reload, in  1.143 seconds
Platform modules already initialized, skipping
Refreshing native plugins compatible for Editor in 0.49 ms, found 2 plugins.
Preloading 0 native plugins for Editor in 0.00 ms.
Unloading 1491 Unused Serialized files (Serialized files now loaded: 0)
System memory in use before: 70.9 MB.
System memory in use after: 71.0 MB.

Unloading 19 unused Assets to reduce memory usage. Loaded Objects now: 1963.
Total: 3.698700 ms (FindLiveObjects: 0.309300 ms CreateObjectMapping: 0.127600 ms MarkObjects: 3.094700 ms  DeleteObjects: 0.165100 ms)

========================================================================
Received Import Request.
  Time since last request: 22.876845 seconds.
  path: Assets/Scripts/PlayerManager.cs
  artifactKey: Guid(9785f06da58bf144682d79ef7944929e) Importer(815301076,1909f56bfc062723c751e8b465ee728b)
Start importing Assets/Scripts/PlayerManager.cs using Guid(9785f06da58bf144682d79ef7944929e) Importer(815301076,1909f56bfc062723c751e8b465ee728b)  -> (artifact id: '223cf796b9f1f4bf7acae5a39f930be9') in 0.021683 seconds
  Import took 0.024793 seconds .

========================================================================
Received Import Request.
  Time since last request: 231.933216 seconds.
  path: Assets/Scripts/PlayerManager.cs
  artifactKey: Guid(9785f06da58bf144682d79ef7944929e) Importer(815301076,1909f56bfc062723c751e8b465ee728b)
Start importing Assets/Scripts/PlayerManager.cs using Guid(9785f06da58bf144682d79ef7944929e) Importer(815301076,1909f56bfc062723c751e8b465ee728b)  -> (artifact id: '23c0566c137dd3ee4cd5a4f4577b0887') in 0.004018 seconds
  Import took 0.008037 seconds .

========================================================================
Received Import Request.
  Time since last request: 67.723422 seconds.
  path: Assets/Scripts/PlayerManager.cs
  artifactKey: Guid(9785f06da58bf144682d79ef7944929e) Importer(815301076,1909f56bfc062723c751e8b465ee728b)
Start importing Assets/Scripts/PlayerManager.cs using Guid(9785f06da58bf144682d79ef7944929e) Importer(815301076,1909f56bfc062723c751e8b465ee728b)  -> (artifact id: '1df937cd0bf807a7fac6675a4bb0e3d2') in 0.004351 seconds
  Import took 0.009096 seconds .

========================================================================
Received Prepare
Registering precompiled user dll's ...
Registered in 0.008894 seconds.
Begin MonoManager ReloadAssembly
Native extension for WindowsStandalone target not found
Refreshing native plugins compatible for Editor in 0.40 ms, found 2 plugins.
Preloading 0 native plugins for Editor in 0.00 ms.
Mono: successfully reloaded assembly
- Completed reload, in  1.323 seconds
Platform modules already initialized, skipping
Refreshing native plugins compatible for Editor in 0.45 ms, found 2 plugins.
Preloading 0 native plugins for Editor in 0.00 ms.
Unloading 1491 Unused Serialized files (Serialized files now loaded: 0)
System memory in use before: 70.9 MB.
System memory in use after: 71.0 MB.

Unloading 19 unused Assets to reduce memory usage. Loaded Objects now: 1967.
Total: 3.959200 ms (FindLiveObjects: 0.462000 ms CreateObjectMapping: 0.317900 ms MarkObjects: 3.078300 ms  DeleteObjects: 0.099000 ms)

========================================================================
Received Import Request.
  Time since last request: 179.805471 seconds.
  path: Assets/Photon/PhotonUnityNetworking/Resources/Linux Penguin.prefab
  artifactKey: Guid(a4dde57cebc424045a308c625d27c05c) Importer(815301076,1909f56bfc062723c751e8b465ee728b)
Start importing Assets/Photon/PhotonUnityNetworking/Resources/Linux Penguin.prefab using Guid(a4dde57cebc424045a308c625d27c05c) Importer(815301076,1909f56bfc062723c751e8b465ee728b)  -> (artifact id: '29ea67a8dd871bc0e8d0d8a8d4f3a753') in 0.158525 seconds
  Import took 0.161916 seconds .

========================================================================
Received Import Request.
  Time since last request: 42.521115 seconds.
  path: Assets/Photon/PhotonUnityNetworking/Resources/PlayerController.prefab
  artifactKey: Guid(a4dde57cebc424045a308c625d27c05c) Importer(815301076,1909f56bfc062723c751e8b465ee728b)
Start importing Assets/Photon/PhotonUnityNetworking/Resources/PlayerController.prefab using Guid(a4dde57cebc424045a308c625d27c05c) Importer(815301076,1909f56bfc062723c751e8b465ee728b)  -> (artifact id: '1e6db3a65afc02f988cc9fc1d2eb13fe') in 0.028700 seconds
  Import took 0.031927 seconds .

========================================================================
Received Prepare
Registering precompiled user dll's ...
Registered in 0.006489 seconds.
Begin MonoManager ReloadAssembly
Native extension for WindowsStandalone target not found
Refreshing native plugins compatible for Editor in 0.33 ms, found 2 plugins.
Preloading 0 native plugins for Editor in 0.00 ms.
Mono: successfully reloaded assembly
- Completed reload, in  1.037 seconds
Platform modules already initialized, skipping
Refreshing native plugins compatible for Editor in 0.48 ms, found 2 plugins.
Preloading 0 native plugins for Editor in 0.00 ms.
Unloading 1491 Unused Serialized files (Serialized files now loaded: 0)
System memory in use before: 87.6 MB.
System memory in use after: 87.7 MB.

Unloading 19 unused Assets to reduce memory usage. Loaded Objects now: 1979.
Total: 1.988900 ms (FindLiveObjects: 0.157200 ms CreateObjectMapping: 0.040900 ms MarkObjects: 1.738100 ms  DeleteObjects: 0.051700 ms)

========================================================================
Received Import Request.
  Time since last request: 228.032107 seconds.
  path: Assets/Scenes/SampleScene 1.unity
  artifactKey: Guid(37e0560760f9da840977ede552198c3e) Importer(815301076,1909f56bfc062723c751e8b465ee728b)
Start importing Assets/Scenes/SampleScene 1.unity using Guid(37e0560760f9da840977ede552198c3e) Importer(815301076,1909f56bfc062723c751e8b465ee728b)  -> (artifact id: '15d029bdf674e3150a8c794965840db1') in 0.018944 seconds
  Import took 0.022027 seconds .

========================================================================
Received Prepare
Registering precompiled user dll's ...
Registered in 0.008013 seconds.
Begin MonoManager ReloadAssembly
Native extension for WindowsStandalone target not found
Refreshing native plugins compatible for Editor in 0.42 ms, found 2 plugins.
Preloading 0 native plugins for Editor in 0.00 ms.
Mono: successfully reloaded assembly
- Completed reload, in  1.276 seconds
Platform modules already initialized, skipping
Refreshing native plugins compatible for Editor in 0.62 ms, found 2 plugins.
Preloading 0 native plugins for Editor in 0.00 ms.
Unloading 1491 Unused Serialized files (Serialized files now loaded: 0)
System memory in use before: 87.6 MB.
System memory in use after: 87.7 MB.

Unloading 19 unused Assets to reduce memory usage. Loaded Objects now: 1983.
Total: 5.313800 ms (FindLiveObjects: 0.521700 ms CreateObjectMapping: 0.072000 ms MarkObjects: 4.560300 ms  DeleteObjects: 0.156300 ms)

========================================================================
Received Prepare
Registering precompiled user dll's ...
Registered in 0.006245 seconds.
Begin MonoManager ReloadAssembly
Native extension for WindowsStandalone target not found
Refreshing native plugins compatible for Editor in 0.34 ms, found 2 plugins.
Preloading 0 native plugins for Editor in 0.00 ms.
Mono: successfully reloaded assembly
- Completed reload, in  1.026 seconds
Platform modules already initialized, skipping
Refreshing native plugins compatible for Editor in 0.49 ms, found 2 plugins.
Preloading 0 native plugins for Editor in 0.00 ms.
Unloading 1491 Unused Serialized files (Serialized files now loaded: 0)
System memory in use before: 87.6 MB.
System memory in use after: 87.7 MB.

Unloading 19 unused Assets to reduce memory usage. Loaded Objects now: 1987.
Total: 1.935800 ms (FindLiveObjects: 0.142900 ms CreateObjectMapping: 0.044400 ms MarkObjects: 1.696500 ms  DeleteObjects: 0.051100 ms)

========================================================================
Received Import Request.
  Time since last request: 609.837291 seconds.
  path: Assets/Scripts/PlayerMovement.cs
  artifactKey: Guid(a83926120acc2f14cb92ac5d441c01cf) Importer(815301076,1909f56bfc062723c751e8b465ee728b)
Start importing Assets/Scripts/PlayerMovement.cs using Guid(a83926120acc2f14cb92ac5d441c01cf) Importer(815301076,1909f56bfc062723c751e8b465ee728b)  -> (artifact id: '6410bf518ff490aa3b891b1bd0d6fe70') in 0.007360 seconds
  Import took 0.010023 seconds .

========================================================================
Received Prepare
Registering precompiled user dll's ...
Registered in 0.005976 seconds.
Begin MonoManager ReloadAssembly
Native extension for WindowsStandalone target not found
Refreshing native plugins compatible for Editor in 0.45 ms, found 2 plugins.
Preloading 0 native plugins for Editor in 0.00 ms.
Mono: successfully reloaded assembly
- Completed reload, in  1.085 seconds
Platform modules already initialized, skipping
Refreshing native plugins compatible for Editor in 0.34 ms, found 2 plugins.
Preloading 0 native plugins for Editor in 0.00 ms.
Unloading 1491 Unused Serialized files (Serialized files now loaded: 0)
System memory in use before: 87.7 MB.
System memory in use after: 87.7 MB.

Unloading 19 unused Assets to reduce memory usage. Loaded Objects now: 1991.
Total: 2.167200 ms (FindLiveObjects: 0.214400 ms CreateObjectMapping: 0.076200 ms MarkObjects: 1.816200 ms  DeleteObjects: 0.059400 ms)

========================================================================
Received Import Request.
  Time since last request: 211.272925 seconds.
  path: Assets/Scenes/Menu
  artifactKey: Guid(1575306ca3d72af4fb99e758c95b5de3) Importer(815301076,1909f56bfc062723c751e8b465ee728b)
Start importing Assets/Scenes/Menu using Guid(1575306ca3d72af4fb99e758c95b5de3) Importer(815301076,1909f56bfc062723c751e8b465ee728b)  -> (artifact id: 'c931442283534487f3ade71a1f794cb4') in 0.010211 seconds
  Import took 0.014886 seconds .

========================================================================
Received Import Request.
  Time since last request: 0.042272 seconds.
  path: Assets/Scenes/Menu/LightingData.asset
  artifactKey: Guid(b22290ed4e7abd54ca855c403ebb7875) Importer(815301076,1909f56bfc062723c751e8b465ee728b)
Start importing Assets/Scenes/Menu/LightingData.asset using Guid(b22290ed4e7abd54ca855c403ebb7875) Importer(815301076,1909f56bfc062723c751e8b465ee728b)  -> (artifact id: 'a8d185fe798b3241ffaeeb56fa98469d') in 0.017525 seconds
  Import took 0.020487 seconds .

========================================================================
Received Import Request.
  Time since last request: 0.000300 seconds.
  path: Assets/Scenes/Menu/ReflectionProbe-0.exr
  artifactKey: Guid(56a67bc074e53644682e54ca41e3d0dd) Importer(815301076,1909f56bfc062723c751e8b465ee728b)
Start importing Assets/Scenes/Menu/ReflectionProbe-0.exr using Guid(56a67bc074e53644682e54ca41e3d0dd) Importer(815301076,1909f56bfc062723c751e8b465ee728b)  -> (artifact id: '4a2da9d48120ab0bdd3e2fc224c2df5a') in 0.071003 seconds
  Import took 0.073830 seconds .

========================================================================
Received Import Request.
  Time since last request: 6.208498 seconds.
  path: Assets/Scenes/SampleScene 1.unity
  artifactKey: Guid(37e0560760f9da840977ede552198c3e) Importer(815301076,1909f56bfc062723c751e8b465ee728b)
Start importing Assets/Scenes/SampleScene 1.unity using Guid(37e0560760f9da840977ede552198c3e) Importer(815301076,1909f56bfc062723c751e8b465ee728b)  -> (artifact id: 'd60f571cc905c1afae7494eb45c103a5') in 0.003240 seconds
  Import took 0.006080 seconds .

========================================================================
Received Import Request.
  Time since last request: 134.361711 seconds.
  path: Assets/Scenes/Menu.unity
  artifactKey: Guid(9fc0d4010bbf28b4594072e72b8655ab) Importer(815301076,1909f56bfc062723c751e8b465ee728b)
Start importing Assets/Scenes/Menu.unity using Guid(9fc0d4010bbf28b4594072e72b8655ab) Importer(815301076,1909f56bfc062723c751e8b465ee728b)  -> (artifact id: '5a95eefda992cf673273ed16cedb36d1') in 0.010155 seconds
  Import took 0.012711 seconds .

========================================================================
Received Prepare
Registering precompiled user dll's ...
Registered in 0.007878 seconds.
Begin MonoManager ReloadAssembly
Native extension for WindowsStandalone target not found
Refreshing native plugins compatible for Editor in 0.33 ms, found 2 plugins.
Preloading 0 native plugins for Editor in 0.00 ms.
Mono: successfully reloaded assembly
- Completed reload, in  0.982 seconds
Platform modules already initialized, skipping
Refreshing native plugins compatible for Editor in 0.43 ms, found 2 plugins.
Preloading 0 native plugins for Editor in 0.00 ms.
Unloading 1491 Unused Serialized files (Serialized files now loaded: 0)
System memory in use before: 87.9 MB.
System memory in use after: 88.0 MB.

Unloading 19 unused Assets to reduce memory usage. Loaded Objects now: 2021.
Total: 2.176900 ms (FindLiveObjects: 0.160500 ms CreateObjectMapping: 0.041900 ms MarkObjects: 1.900800 ms  DeleteObjects: 0.072400 ms)

========================================================================
Received Import Request.
  Time since last request: 751.042766 seconds.
  path: Assets/Photon/PhotonUnityNetworking/Resources/PhotonPrefabs/PlayerController.prefab
  artifactKey: Guid(a4dde57cebc424045a308c625d27c05c) Importer(815301076,1909f56bfc062723c751e8b465ee728b)
Start importing Assets/Photon/PhotonUnityNetworking/Resources/PhotonPrefabs/PlayerController.prefab using Guid(a4dde57cebc424045a308c625d27c05c) Importer(815301076,1909f56bfc062723c751e8b465ee728b)  -> (artifact id: '1c2386e4b71c28585517ce1453680c53') in 0.069833 seconds
  Import took 0.073123 seconds .

========================================================================
Received Import Request.
  Time since last request: 21.070132 seconds.
  path: Assets/Photon/PhotonUnityNetworking/Resources/PhotonPrefabs/PlayerController.prefab
  artifactKey: Guid(a4dde57cebc424045a308c625d27c05c) Importer(815301076,1909f56bfc062723c751e8b465ee728b)
Start importing Assets/Photon/PhotonUnityNetworking/Resources/PhotonPrefabs/PlayerController.prefab using Guid(a4dde57cebc424045a308c625d27c05c) Importer(815301076,1909f56bfc062723c751e8b465ee728b)  -> (artifact id: '06ba01d40324fcfeb393a3f08048d085') in 0.023067 seconds
  Import took 0.026893 seconds .

========================================================================
Received Prepare
Registering precompiled user dll's ...
Registered in 0.006138 seconds.
Begin MonoManager ReloadAssembly
Native extension for WindowsStandalone target not found
Refreshing native plugins compatible for Editor in 0.32 ms, found 2 plugins.
Preloading 0 native plugins for Editor in 0.00 ms.
Mono: successfully reloaded assembly
- Completed reload, in  1.062 seconds
Platform modules already initialized, skipping
Refreshing native plugins compatible for Editor in 0.61 ms, found 2 plugins.
Preloading 0 native plugins for Editor in 0.00 ms.
Unloading 1491 Unused Serialized files (Serialized files now loaded: 0)
System memory in use before: 87.9 MB.
System memory in use after: 88.0 MB.

Unloading 19 unused Assets to reduce memory usage. Loaded Objects now: 2026.
Total: 2.161200 ms (FindLiveObjects: 0.158100 ms CreateObjectMapping: 0.043200 ms MarkObjects: 1.907800 ms  DeleteObjects: 0.051300 ms)

========================================================================
Received Import Request.
  Time since last request: 139.190349 seconds.
  path: Assets/Photon/PhotonUnityNetworking/Resources/PhotonPrefabs/PlayerController.prefab
  artifactKey: Guid(a4dde57cebc424045a308c625d27c05c) Importer(815301076,1909f56bfc062723c751e8b465ee728b)
Start importing Assets/Photon/PhotonUnityNetworking/Resources/PhotonPrefabs/PlayerController.prefab using Guid(a4dde57cebc424045a308c625d27c05c) Importer(815301076,1909f56bfc062723c751e8b465ee728b)  -> (artifact id: '2ecc8b7a2a204cd5f3ae14f0038c83ea') in 0.072783 seconds
  Import took 0.075771 seconds .

========================================================================
Received Import Request.
  Time since last request: 15.677017 seconds.
  path: Assets/Photon/PhotonUnityNetworking/Resources/PhotonPrefabs/PlayerController.prefab
  artifactKey: Guid(a4dde57cebc424045a308c625d27c05c) Importer(815301076,1909f56bfc062723c751e8b465ee728b)
Start importing Assets/Photon/PhotonUnityNetworking/Resources/PhotonPrefabs/PlayerController.prefab using Guid(a4dde57cebc424045a308c625d27c05c) Importer(815301076,1909f56bfc062723c751e8b465ee728b)  -> (artifact id: 'db468fe5a35bddc060efc6758e189e6a') in 0.021218 seconds
  Import took 0.024629 seconds .

========================================================================
Received Import Request.
  Time since last request: 0.000386 seconds.
  path: Assets/Photon/PhotonUnityNetworking/Resources/PhotonPrefabs/PlayerController.prefab
  artifactKey: Guid(a4dde57cebc424045a308c625d27c05c) Importer(815301076,1909f56bfc062723c751e8b465ee728b)
Start importing Assets/Photon/PhotonUnityNetworking/Resources/PhotonPrefabs/PlayerController.prefab using Guid(a4dde57cebc424045a308c625d27c05c) Importer(815301076,1909f56bfc062723c751e8b465ee728b)  -> (artifact id: 'db468fe5a35bddc060efc6758e189e6a') in 0.018259 seconds
  Import took 0.021363 seconds .

========================================================================
Received Import Request.
  Time since last request: 46.885571 seconds.
  path: Assets/Photon/PhotonUnityNetworking/Resources/PhotonPrefabs/PlayerController.prefab
  artifactKey: Guid(a4dde57cebc424045a308c625d27c05c) Importer(815301076,1909f56bfc062723c751e8b465ee728b)
Start importing Assets/Photon/PhotonUnityNetworking/Resources/PhotonPrefabs/PlayerController.prefab using Guid(a4dde57cebc424045a308c625d27c05c) Importer(815301076,1909f56bfc062723c751e8b465ee728b)  -> (artifact id: 'baf293f4c58ce3d60d56266ec6e8bf94') in 0.020682 seconds
  Import took 0.025521 seconds .

========================================================================
Received Prepare
Registering precompiled user dll's ...
Registered in 0.006713 seconds.
Begin MonoManager ReloadAssembly
Native extension for WindowsStandalone target not found
Refreshing native plugins compatible for Editor in 0.51 ms, found 2 plugins.
Preloading 0 native plugins for Editor in 0.00 ms.
Mono: successfully reloaded assembly
- Completed reload, in  1.375 seconds
Platform modules already initialized, skipping
Refreshing native plugins compatible for Editor in 0.38 ms, found 2 plugins.
Preloading 0 native plugins for Editor in 0.00 ms.
Unloading 1491 Unused Serialized files (Serialized files now loaded: 0)
System memory in use before: 88.0 MB.
System memory in use after: 88.0 MB.

Unloading 19 unused Assets to reduce memory usage. Loaded Objects now: 2031.
Total: 2.839500 ms (FindLiveObjects: 0.198000 ms CreateObjectMapping: 0.057700 ms MarkObjects: 2.515200 ms  DeleteObjects: 0.067200 ms)

========================================================================
Received Prepare
Refreshing native plugins compatible for Editor in 4.26 ms, found 2 plugins.
Preloading 0 native plugins for Editor in 0.00 ms.
Unloading 17 Unused Serialized files (Serialized files now loaded: 0)
System memory in use before: 58.8 MB.
System memory in use after: 58.9 MB.

Unloading 17 unused Assets to reduce memory usage. Loaded Objects now: 2031.
Total: 2.716400 ms (FindLiveObjects: 0.154000 ms CreateObjectMapping: 0.047400 ms MarkObjects: 2.396900 ms  DeleteObjects: 0.116100 ms)

========================================================================
Received Prepare
Registering precompiled user dll's ...
Registered in 0.007959 seconds.
Begin MonoManager ReloadAssembly
Native extension for WindowsStandalone target not found
Refreshing native plugins compatible for Editor in 0.46 ms, found 2 plugins.
Preloading 0 native plugins for Editor in 0.00 ms.
Mono: successfully reloaded assembly
- Completed reload, in  1.470 seconds
Platform modules already initialized, skipping
Refreshing native plugins compatible for Editor in 0.39 ms, found 2 plugins.
Preloading 0 native plugins for Editor in 0.00 ms.
Unloading 1491 Unused Serialized files (Serialized files now loaded: 0)
System memory in use before: 88.0 MB.
System memory in use after: 88.1 MB.

Unloading 19 unused Assets to reduce memory usage. Loaded Objects now: 2035.
Total: 4.712200 ms (FindLiveObjects: 0.556000 ms CreateObjectMapping: 0.225800 ms MarkObjects: 3.861300 ms  DeleteObjects: 0.066700 ms)

========================================================================
Received Prepare
Registering precompiled user dll's ...
Registered in 0.008317 seconds.
Begin MonoManager ReloadAssembly
Native extension for WindowsStandalone target not found
Refreshing native plugins compatible for Editor in 0.42 ms, found 2 plugins.
Preloading 0 native plugins for Editor in 0.00 ms.
Mono: successfully reloaded assembly
- Completed reload, in  1.520 seconds
Platform modules already initialized, skipping
Refreshing native plugins compatible for Editor in 0.41 ms, found 2 plugins.
Preloading 0 native plugins for Editor in 0.00 ms.
Unloading 1491 Unused Serialized files (Serialized files now loaded: 0)
System memory in use before: 88.0 MB.
System memory in use after: 88.1 MB.

Unloading 19 unused Assets to reduce memory usage. Loaded Objects now: 2039.
Total: 2.354300 ms (FindLiveObjects: 0.156800 ms CreateObjectMapping: 0.043900 ms MarkObjects: 2.037200 ms  DeleteObjects: 0.115200 ms)

========================================================================
Received Prepare
Registering precompiled user dll's ...
Registered in 0.007558 seconds.
Begin MonoManager ReloadAssembly
Native extension for WindowsStandalone target not found
Refreshing native plugins compatible for Editor in 0.38 ms, found 2 plugins.
Preloading 0 native plugins for Editor in 0.00 ms.
Mono: successfully reloaded assembly
- Completed reload, in  1.225 seconds
Platform modules already initialized, skipping
Refreshing native plugins compatible for Editor in 0.35 ms, found 2 plugins.
Preloading 0 native plugins for Editor in 0.00 ms.
Unloading 1492 Unused Serialized files (Serialized files now loaded: 0)
System memory in use before: 88.0 MB.
System memory in use after: 88.1 MB.

Unloading 19 unused Assets to reduce memory usage. Loaded Objects now: 2044.
Total: 2.122500 ms (FindLiveObjects: 0.252600 ms CreateObjectMapping: 0.058700 ms MarkObjects: 1.761100 ms  DeleteObjects: 0.049100 ms)

========================================================================
Received Import Request.
  Time since last request: 2370.995394 seconds.
  path: Assets/3D Models/knife
  artifactKey: Guid(abdbcb393aba84e40862bbfd182f5d49) Importer(815301076,1909f56bfc062723c751e8b465ee728b)
Start importing Assets/3D Models/knife using Guid(abdbcb393aba84e40862bbfd182f5d49) Importer(815301076,1909f56bfc062723c751e8b465ee728b)  -> (artifact id: '242a20fa185b8ba5dd6d50f7487dcb3b') in 0.012303 seconds
  Import took 0.015600 seconds .

========================================================================
Received Import Request.
  Time since last request: 0.062230 seconds.
  path: Assets/3D Models/knife/cuchilloRojo.mat
  artifactKey: Guid(fb9947b05c0bfd54bb716e03f65ab906) Importer(815301076,1909f56bfc062723c751e8b465ee728b)
Start importing Assets/3D Models/knife/cuchilloRojo.mat using Guid(fb9947b05c0bfd54bb716e03f65ab906) Importer(815301076,1909f56bfc062723c751e8b465ee728b)  -> (artifact id: '79ff02f346e38272928275ef3cfd4834') in 0.084206 seconds
  Import took 0.087069 seconds .

========================================================================
Received Import Request.
  Time since last request: 98.707630 seconds.
  path: Assets/3D Models/knife/OBJ
  artifactKey: Guid(b946082f8bb946c4dbb5adbe03cbe21c) Importer(815301076,1909f56bfc062723c751e8b465ee728b)
Start importing Assets/3D Models/knife/OBJ using Guid(b946082f8bb946c4dbb5adbe03cbe21c) Importer(815301076,1909f56bfc062723c751e8b465ee728b)  -> (artifact id: '4ff098921c4c6cc58680718b3f3e8a28') in 0.006698 seconds
  Import took 0.009620 seconds .

========================================================================
Received Import Request.
  Time since last request: 0.041866 seconds.
  path: Assets/3D Models/knife/OBJ/Kitchenknife_lowpoly.obj
  artifactKey: Guid(fca4a6fb45fb7e14d91b9fee29ccc6c9) Importer(815301076,1909f56bfc062723c751e8b465ee728b)
Start importing Assets/3D Models/knife/OBJ/Kitchenknife_lowpoly.obj using Guid(fca4a6fb45fb7e14d91b9fee29ccc6c9) Importer(815301076,1909f56bfc062723c751e8b465ee728b)  -> (artifact id: 'd2d0f5552b43b6cf4add0484a9fa2347') in 0.107432 seconds
  Import took 0.110770 seconds .

========================================================================
Received Prepare
Refreshing native plugins compatible for Editor in 5.34 ms, found 2 plugins.
Preloading 0 native plugins for Editor in 0.00 ms.
Unloading 17 Unused Serialized files (Serialized files now loaded: 0)
System memory in use before: 59.3 MB.
System memory in use after: 59.4 MB.

Unloading 17 unused Assets to reduce memory usage. Loaded Objects now: 2058.
Total: 3.823200 ms (FindLiveObjects: 0.700500 ms CreateObjectMapping: 0.080200 ms MarkObjects: 2.980000 ms  DeleteObjects: 0.060700 ms)

========================================================================
Received Prepare
Registering precompiled user dll's ...
Registered in 0.006873 seconds.
Begin MonoManager ReloadAssembly
Native extension for WindowsStandalone target not found
Refreshing native plugins compatible for Editor in 0.69 ms, found 2 plugins.
Preloading 0 native plugins for Editor in 0.00 ms.
Mono: successfully reloaded assembly
- Completed reload, in  1.518 seconds
Platform modules already initialized, skipping
Refreshing native plugins compatible for Editor in 0.68 ms, found 2 plugins.
Preloading 0 native plugins for Editor in 0.00 ms.
Unloading 1492 Unused Serialized files (Serialized files now loaded: 0)
System memory in use before: 88.2 MB.
System memory in use after: 88.3 MB.

Unloading 19 unused Assets to reduce memory usage. Loaded Objects now: 2062.
Total: 3.272700 ms (FindLiveObjects: 0.211100 ms CreateObjectMapping: 0.075500 ms MarkObjects: 2.910600 ms  DeleteObjects: 0.073600 ms)

AssetImportWorkerClient::OnTransportError - code=2 error=End of file
